
=== Unhandled Exception ===
Traceback (most recent call last):
  File "C:\Users\joelo\AppData\Local\Packages\PythonSoftwareFoundation.Python.3.13_qbz5n2kfra8p0\LocalCache\local-packages\Python313\site-packages\pyqtgraph\graphicsItems\AxisItem.py", line 1758, in wheelEvent
    lv.wheelEvent(event, axis=0)
    ~~~~~~~~~~~~~^^^^^^^^^^^^^^^
TypeError: TimeScaleViewBox.wheelEvent() got an unexpected keyword argument 'axis'

=== Unhandled Exception ===
Traceback (most recent call last):
  File "C:\Users\joelo\AppData\Local\Packages\PythonSoftwareFoundation.Python.3.13_qbz5n2kfra8p0\LocalCache\local-packages\Python313\site-packages\pyqtgraph\graphicsItems\AxisItem.py", line 1758, in wheelEvent
    lv.wheelEvent(event, axis=0)
    ~~~~~~~~~~~~~^^^^^^^^^^^^^^^
TypeError: TimeScaleViewBox.wheelEvent() got an unexpected keyword argument 'axis'

=== Unhandled Exception ===
Traceback (most recent call last):
  File "C:\Users\joelo\AppData\Local\Packages\PythonSoftwareFoundation.Python.3.13_qbz5n2kfra8p0\LocalCache\local-packages\Python313\site-packages\pyqtgraph\graphicsItems\AxisItem.py", line 1758, in wheelEvent
    lv.wheelEvent(event, axis=0)
    ~~~~~~~~~~~~~^^^^^^^^^^^^^^^
TypeError: TimeScaleViewBox.wheelEvent() got an unexpected keyword argument 'axis'

=== Unhandled Exception ===
Traceback (most recent call last):
  File "C:\Users\joelo\AppData\Local\Packages\PythonSoftwareFoundation.Python.3.13_qbz5n2kfra8p0\LocalCache\local-packages\Python313\site-packages\pyqtgraph\graphicsItems\AxisItem.py", line 1758, in wheelEvent
    lv.wheelEvent(event, axis=0)
    ~~~~~~~~~~~~~^^^^^^^^^^^^^^^
TypeError: TimeScaleViewBox.wheelEvent() got an unexpected keyword argument 'axis'
