Windows fatal exception: access violation

Thread 0x000020cc (most recent call first):
  File "C:\Program Files\WindowsApps\PythonSoftwareFoundation.Python.3.13_3.13.2544.0_x64__qbz5n2kfra8p0\Lib\socket.py", line 977 in getaddrinfo
  File "C:\Users\joelo\AppData\Local\Packages\PythonSoftwareFoundation.Python.3.13_qbz5n2kfra8p0\LocalCache\local-packages\Python313\site-packages\websocket\_http.py", line 177 in _get_addrinfo_list
  File "C:\Users\joelo\AppData\Local\Packages\PythonSoftwareFoundation.Python.3.13_qbz5n2kfra8p0\LocalCache\local-packages\Python313\site-packages\websocket\_http.py", line 138 in connect
  File "C:\Users\joelo\AppData\Local\Packages\PythonSoftwareFoundation.Python.3.13_qbz5n2kfra8p0\LocalCache\local-packages\Python313\site-packages\websocket\_core.py", line 263 in connect
  File "C:\Users\joelo\AppData\Local\Packages\PythonSoftwareFoundation.Python.3.13_qbz5n2kfra8p0\LocalCache\local-packages\Python313\site-packages\websocket\_app.py", line 405 in initialize_socket
  File "C:\Users\joelo\AppData\Local\Packages\PythonSoftwareFoundation.Python.3.13_qbz5n2kfra8p0\LocalCache\local-packages\Python313\site-packages\websocket\_app.py", line 556 in run_forever
  File "C:\Users\joelo\Documents\trading\Trading-Dashboard\app\ui\chart_view.py", line 478 in run

Thread 0x00003f50 (most recent call first):
  File "C:\Program Files\WindowsApps\PythonSoftwareFoundation.Python.3.13_3.13.2544.0_x64__qbz5n2kfra8p0\Lib\socket.py", line 977 in getaddrinfo
  File "C:\Users\joelo\AppData\Local\Packages\PythonSoftwareFoundation.Python.3.13_qbz5n2kfra8p0\LocalCache\local-packages\Python313\site-packages\websocket\_http.py", line 177 in _get_addrinfo_list
  File "C:\Users\joelo\AppData\Local\Packages\PythonSoftwareFoundation.Python.3.13_qbz5n2kfra8p0\LocalCache\local-packages\Python313\site-packages\websocket\_http.py", line 138 in connect
  File "C:\Users\joelo\AppData\Local\Packages\PythonSoftwareFoundation.Python.3.13_qbz5n2kfra8p0\LocalCache\local-packages\Python313\site-packages\websocket\_core.py", line 263 in connect
  File "C:\Users\joelo\AppData\Local\Packages\PythonSoftwareFoundation.Python.3.13_qbz5n2kfra8p0\LocalCache\local-packages\Python313\site-packages\websocket\_app.py", line 405 in initialize_socket
  File "C:\Users\joelo\AppData\Local\Packages\PythonSoftwareFoundation.Python.3.13_qbz5n2kfra8p0\LocalCache\local-packages\Python313\site-packages\websocket\_app.py", line 556 in run_forever
  File "C:\Users\joelo\Documents\trading\Trading-Dashboard\app\ui\chart_view.py", line 426 in run

Thread 0x000029c8 (most recent call first):
  File "C:\Users\joelo\Documents\trading\Trading-Dashboard\app\core\hot_reload.py", line 102 in run

Thread 0x000040d0 (most recent call first):
  File "C:\Users\joelo\Documents\trading\Trading-Dashboard\app\core\hot_reload.py", line 37 in run

Current thread 0x000040c4 (most recent call first):
  File "C:\Users\joelo\Documents\trading\Trading-Dashboard\app\ui\error_dock.py", line 15 in append_error
  File "C:\Users\joelo\Documents\trading\Trading-Dashboard\app\ui\chart_view.py", line 2144 in _report_error
  File "C:\Users\joelo\Documents\trading\Trading-Dashboard\app\ui\chart_view.py", line 2345 in <lambda>
  File "C:\Users\joelo\Documents\trading\Trading-Dashboard\app\main.py", line 45 in main
  File "C:\Users\joelo\Documents\trading\Trading-Dashboard\app\main.py", line 48 in <module>
